# JRE version: Java(TM) SE Runtime Environment (24.0.1+9) (build 24.0.1+9-30)
# Java VM: Java HotSpot(TM) 64-Bit Server VM (24.0.1+9-30, mixed mode, sharing, tiered, compressed oops, compressed class ptrs, g1 gc, windows-amd64)
GC Precious Log:
 CardTable entry size: 512
 Card Set container configuration: InlinePtr #cards 5 size 8 Array Of Cards #cards 10 size 36 Howl #buckets 4 coarsen threshold 1843 Howl Bitmap #cards 512 size 80 coarsen threshold 460 Card regions per heap region 1 cards per card region 2048
 CPUs: 16 total, 16 available
 Memory: 8010M
 Large Page Support: Disabled
 NUMA Support: Disabled
 Compressed Oops: Enabled (32-bit)
 Heap Region Size: 1M
 Heap Min Capacity: 8M
 Heap Initial Capacity: 126M
 Heap Max Capacity: 2G
 Pre-touch: Disabled
 Parallel Workers: 13
 Concurrent Workers: 3
 Concurrent Refinement Workers: 13
 Periodic GC: Disabled
Heap:
 garbage-first heap   total reserved 2097152K, committed 215040K, used 167583K [0x0000000080000000, 0x0000000100000000)
  region size 1024K, 45 young (46080K), 5 survivors (5120K)
 Metaspace       used 109306K, committed 111552K, reserved 1179648K
  class space    used 12114K, committed 13184K, reserved 1048576K
GC Heap History (20 events):
Event: 18.573 GC heap before
{Heap before GC invocations=39 (full 0):
 garbage-first heap   total reserved 2097152K, committed 166912K, used 149785K [0x0000000080000000, 0x0000000100000000)
  region size 1024K, 52 young (53248K), 7 survivors (7168K)
 Metaspace       used 99775K, committed 101952K, reserved 1179648K
  class space    used 11067K, committed 12096K, reserved 1048576K
}
Event: 18.579 GC heap after
{Heap after GC invocations=40 (full 0):
 garbage-first heap   total reserved 2097152K, committed 166912K, used 110390K [0x0000000080000000, 0x0000000100000000)
  region size 1024K, 7 young (7168K), 7 survivors (7168K)
 Metaspace       used 99775K, committed 101952K, reserved 1179648K
  class space    used 11067K, committed 12096K, reserved 1048576K
}
Event: 18.705 GC heap before
{Heap before GC invocations=41 (full 0):
 garbage-first heap   total reserved 2097152K, committed 186368K, used 147254K [0x0000000080000000, 0x0000000100000000)
  region size 1024K, 44 young (45056K), 7 survivors (7168K)
 Metaspace       used 99779K, committed 102016K, reserved 1179648K
  class space    used 11067K, committed 12096K, reserved 1048576K
}
Event: 18.709 GC heap after
{Heap after GC invocations=42 (full 0):
 garbage-first heap   total reserved 2097152K, committed 186368K, used 111828K [0x0000000080000000, 0x0000000100000000)
  region size 1024K, 4 young (4096K), 4 survivors (4096K)
 Metaspace       used 99779K, committed 102016K, reserved 1179648K
  class space    used 11067K, committed 12096K, reserved 1048576K
}
Event: 18.915 GC heap before
{Heap before GC invocations=42 (full 0):
 garbage-first heap   total reserved 2097152K, committed 186368K, used 169172K [0x0000000080000000, 0x0000000100000000)
  region size 1024K, 61 young (62464K), 4 survivors (4096K)
 Metaspace       used 99808K, committed 102016K, reserved 1179648K
  class space    used 11067K, committed 12096K, reserved 1048576K
}
Event: 18.918 GC heap after
{Heap after GC invocations=43 (full 0):
 garbage-first heap   total reserved 2097152K, committed 186368K, used 111913K [0x0000000080000000, 0x0000000100000000)
  region size 1024K, 5 young (5120K), 5 survivors (5120K)
 Metaspace       used 99808K, committed 102016K, reserved 1179648K
  class space    used 11067K, committed 12096K, reserved 1048576K
}
Event: 19.007 GC heap before
{Heap before GC invocations=43 (full 0):
 garbage-first heap   total reserved 2097152K, committed 186368K, used 123177K [0x0000000080000000, 0x0000000100000000)
  region size 1024K, 17 young (17408K), 5 survivors (5120K)
 Metaspace       used 100139K, committed 102400K, reserved 1179648K
  class space    used 11136K, committed 12224K, reserved 1048576K
}
Event: 19.009 GC heap after
{Heap after GC invocations=44 (full 0):
 garbage-first heap   total reserved 2097152K, committed 186368K, used 112331K [0x0000000080000000, 0x0000000100000000)
  region size 1024K, 5 young (5120K), 5 survivors (5120K)
 Metaspace       used 100139K, committed 102400K, reserved 1179648K
  class space    used 11136K, committed 12224K, reserved 1048576K
}
Event: 19.401 GC heap before
{Heap before GC invocations=45 (full 0):
 garbage-first heap   total reserved 2097152K, committed 191488K, used 170699K [0x0000000080000000, 0x0000000100000000)
  region size 1024K, 61 young (62464K), 5 survivors (5120K)
 Metaspace       used 100349K, committed 102592K, reserved 1179648K
  class space    used 11157K, committed 12224K, reserved 1048576K
}
Event: 19.407 GC heap after
{Heap after GC invocations=46 (full 0):
 garbage-first heap   total reserved 2097152K, committed 191488K, used 115202K [0x0000000080000000, 0x0000000100000000)
  region size 1024K, 8 young (8192K), 8 survivors (8192K)
 Metaspace       used 100349K, committed 102592K, reserved 1179648K
  class space    used 11157K, committed 12224K, reserved 1048576K
}
Event: 20.278 GC heap before
{Heap before GC invocations=46 (full 0):
 garbage-first heap   total reserved 2097152K, committed 191488K, used 170498K [0x0000000080000000, 0x0000000100000000)
  region size 1024K, 63 young (64512K), 8 survivors (8192K)
 Metaspace       used 102976K, committed 105216K, reserved 1179648K
  class space    used 11410K, committed 12480K, reserved 1048576K
}
Event: 20.283 GC heap after
{Heap after GC invocations=47 (full 0):
 garbage-first heap   total reserved 2097152K, committed 191488K, used 117793K [0x0000000080000000, 0x0000000100000000)
  region size 1024K, 6 young (6144K), 6 survivors (6144K)
 Metaspace       used 102976K, committed 105216K, reserved 1179648K
  class space    used 11410K, committed 12480K, reserved 1048576K
}
Event: 20.478 GC heap before
{Heap before GC invocations=47 (full 0):
 garbage-first heap   total reserved 2097152K, committed 191488K, used 174113K [0x0000000080000000, 0x0000000100000000)
  region size 1024K, 61 young (62464K), 6 survivors (6144K)
 Metaspace       used 103208K, committed 105408K, reserved 1179648K
  class space    used 11443K, committed 12480K, reserved 1048576K
}
Event: 20.482 GC heap after
{Heap after GC invocations=48 (full 0):
 garbage-first heap   total reserved 2097152K, committed 191488K, used 120145K [0x0000000080000000, 0x0000000100000000)
  region size 1024K, 5 young (5120K), 5 survivors (5120K)
 Metaspace       used 103208K, committed 105408K, reserved 1179648K
  class space    used 11443K, committed 12480K, reserved 1048576K
}
Event: 22.431 GC heap before
{Heap before GC invocations=49 (full 0):
 garbage-first heap   total reserved 2097152K, committed 201728K, used 173393K [0x0000000080000000, 0x0000000100000000)
  region size 1024K, 58 young (59392K), 5 survivors (5120K)
 Metaspace       used 104473K, committed 106688K, reserved 1179648K
  class space    used 11573K, committed 12608K, reserved 1048576K
}
Event: 22.436 GC heap after
{Heap after GC invocations=50 (full 0):
 garbage-first heap   total reserved 2097152K, committed 201728K, used 126002K [0x0000000080000000, 0x0000000100000000)
  region size 1024K, 8 young (8192K), 8 survivors (8192K)
 Metaspace       used 104473K, committed 106688K, reserved 1179648K
  class space    used 11573K, committed 12608K, reserved 1048576K
}
Event: 22.951 GC heap before
{Heap before GC invocations=50 (full 0):
 garbage-first heap   total reserved 2097152K, committed 201728K, used 180274K [0x0000000080000000, 0x0000000100000000)
  region size 1024K, 62 young (63488K), 8 survivors (8192K)
 Metaspace       used 105324K, committed 107584K, reserved 1179648K
  class space    used 11665K, committed 12736K, reserved 1048576K
}
Event: 22.957 GC heap after
{Heap after GC invocations=51 (full 0):
 garbage-first heap   total reserved 2097152K, committed 201728K, used 125964K [0x0000000080000000, 0x0000000100000000)
  region size 1024K, 6 young (6144K), 6 survivors (6144K)
 Metaspace       used 105324K, committed 107584K, reserved 1179648K
  class space    used 11665K, committed 12736K, reserved 1048576K
}
Event: 23.986 GC heap before
{Heap before GC invocations=51 (full 0):
 garbage-first heap   total reserved 2097152K, committed 201728K, used 182284K [0x0000000080000000, 0x0000000100000000)
  region size 1024K, 62 young (63488K), 6 survivors (6144K)
 Metaspace       used 106553K, committed 108736K, reserved 1179648K
  class space    used 11813K, committed 12864K, reserved 1048576K
}
Event: 23.991 GC heap after
{Heap after GC invocations=52 (full 0):
 garbage-first heap   total reserved 2097152K, committed 201728K, used 128671K [0x0000000080000000, 0x0000000100000000)
  region size 1024K, 5 young (5120K), 5 survivors (5120K)
 Metaspace       used 106553K, committed 108736K, reserved 1179648K
  class space    used 11813K, committed 12864K, reserved 1048576K
}

