# JRE version: OpenJDK Runtime Environment (21.0.8) (build 21.0.8+-14018985-b1038.68)
# Java VM: OpenJDK 64-Bit Server VM (21.0.8+-14018985-b1038.68, mixed mode, tiered, compressed oops, compressed class ptrs, g1 gc, windows-amd64)
GC Precious Log:
 CardTable entry size: 512
 Card Set container configuration: InlinePtr #cards 5 size 8 Array Of Cards #cards 12 size 40 Howl #buckets 4 coarsen threshold 1843 Howl Bitmap #cards 512 size 80 coarsen threshold 460 Card regions per heap region 1 cards per card region 2048
 CPUs: 16 total, 16 available
 Memory: 8010M
 Large Page Support: Disabled
 NUMA Support: Disabled
 Compressed Oops: Enabled (32-bit)
 Heap Region Size: 1M
 Heap Min Capacity: 8M
 Heap Initial Capacity: 126M
 Heap Max Capacity: 2004M
 Pre-touch: Disabled
 Parallel Workers: 13
 Concurrent Workers: 3
 Concurrent Refinement Workers: 13
 Periodic GC: Disabled
Heap:
 garbage-first heap   total 55296K, used 37354K [0x0000000082c00000, 0x0000000100000000)
  region size 1024K, 12 young (12288K), 2 survivors (2048K)
 Metaspace       used 48868K, committed 49152K, reserved 1114112K
  class space    used 5770K, committed 5888K, reserved 1048576K
GC Heap History (20 events):
Event: 1.646 GC heap before
{Heap before GC invocations=3 (full 0):
 garbage-first heap   total 27648K, used 27046K [0x0000000082c00000, 0x0000000100000000)
  region size 1024K, 21 young (21504K), 2 survivors (2048K)
 Metaspace       used 25464K, committed 25728K, reserved 1114112K
  class space    used 2761K, committed 2880K, reserved 1048576K
}
Event: 1.652 GC heap after
{Heap after GC invocations=4 (full 0):
 garbage-first heap   total 32768K, used 11217K [0x0000000082c00000, 0x0000000100000000)
  region size 1024K, 5 young (5120K), 5 survivors (5120K)
 Metaspace       used 25464K, committed 25728K, reserved 1114112K
  class space    used 2761K, committed 2880K, reserved 1048576K
}
Event: 1.780 GC heap before
{Heap before GC invocations=4 (full 0):
 garbage-first heap   total 32768K, used 24529K [0x0000000082c00000, 0x0000000100000000)
  region size 1024K, 18 young (18432K), 5 survivors (5120K)
 Metaspace       used 25481K, committed 25728K, reserved 1114112K
  class space    used 2761K, committed 2880K, reserved 1048576K
}
Event: 1.789 GC heap after
{Heap after GC invocations=5 (full 0):
 garbage-first heap   total 36864K, used 18385K [0x0000000082c00000, 0x0000000100000000)
  region size 1024K, 3 young (3072K), 3 survivors (3072K)
 Metaspace       used 25481K, committed 25728K, reserved 1114112K
  class space    used 2761K, committed 2880K, reserved 1048576K
}
Event: 1.997 GC heap before
{Heap before GC invocations=5 (full 0):
 garbage-first heap   total 36864K, used 27601K [0x0000000082c00000, 0x0000000100000000)
  region size 1024K, 12 young (12288K), 3 survivors (3072K)
 Metaspace       used 27919K, committed 28224K, reserved 1114112K
  class space    used 3062K, committed 3200K, reserved 1048576K
}
Event: 2.001 GC heap after
{Heap after GC invocations=6 (full 0):
 garbage-first heap   total 36864K, used 20251K [0x0000000082c00000, 0x0000000100000000)
  region size 1024K, 2 young (2048K), 2 survivors (2048K)
 Metaspace       used 27919K, committed 28224K, reserved 1114112K
  class space    used 3062K, committed 3200K, reserved 1048576K
}
Event: 2.052 GC heap before
{Heap before GC invocations=6 (full 0):
 garbage-first heap   total 36864K, used 28443K [0x0000000082c00000, 0x0000000100000000)
  region size 1024K, 10 young (10240K), 2 survivors (2048K)
 Metaspace       used 28085K, committed 28352K, reserved 1114112K
  class space    used 3076K, committed 3200K, reserved 1048576K
}
Event: 2.057 GC heap after
{Heap after GC invocations=7 (full 0):
 garbage-first heap   total 46080K, used 22418K [0x0000000082c00000, 0x0000000100000000)
  region size 1024K, 2 young (2048K), 2 survivors (2048K)
 Metaspace       used 28085K, committed 28352K, reserved 1114112K
  class space    used 3076K, committed 3200K, reserved 1048576K
}
Event: 2.523 GC heap before
{Heap before GC invocations=8 (full 0):
 garbage-first heap   total 46080K, used 34706K [0x0000000082c00000, 0x0000000100000000)
  region size 1024K, 15 young (15360K), 2 survivors (2048K)
 Metaspace       used 32767K, committed 33024K, reserved 1114112K
  class space    used 4090K, committed 4224K, reserved 1048576K
}
Event: 2.526 GC heap after
{Heap after GC invocations=9 (full 0):
 garbage-first heap   total 46080K, used 23371K [0x0000000082c00000, 0x0000000100000000)
  region size 1024K, 1 young (1024K), 1 survivors (1024K)
 Metaspace       used 32767K, committed 33024K, reserved 1114112K
  class space    used 4090K, committed 4224K, reserved 1048576K
}
Event: 2.763 GC heap before
{Heap before GC invocations=9 (full 0):
 garbage-first heap   total 46080K, used 35659K [0x0000000082c00000, 0x0000000100000000)
  region size 1024K, 14 young (14336K), 1 survivors (1024K)
 Metaspace       used 35614K, committed 35776K, reserved 1114112K
  class space    used 4404K, committed 4480K, reserved 1048576K
}
Event: 2.767 GC heap after
{Heap after GC invocations=10 (full 0):
 garbage-first heap   total 46080K, used 24221K [0x0000000082c00000, 0x0000000100000000)
  region size 1024K, 2 young (2048K), 2 survivors (2048K)
 Metaspace       used 35614K, committed 35776K, reserved 1114112K
  class space    used 4404K, committed 4480K, reserved 1048576K
}
Event: 2.978 GC heap before
{Heap before GC invocations=10 (full 0):
 garbage-first heap   total 46080K, used 36509K [0x0000000082c00000, 0x0000000100000000)
  region size 1024K, 15 young (15360K), 2 survivors (2048K)
 Metaspace       used 38769K, committed 38912K, reserved 1114112K
  class space    used 4733K, committed 4800K, reserved 1048576K
}
Event: 2.981 GC heap after
{Heap after GC invocations=11 (full 0):
 garbage-first heap   total 46080K, used 24973K [0x0000000082c00000, 0x0000000100000000)
  region size 1024K, 1 young (1024K), 1 survivors (1024K)
 Metaspace       used 38769K, committed 38912K, reserved 1114112K
  class space    used 4733K, committed 4800K, reserved 1048576K
}
Event: 3.333 GC heap before
{Heap before GC invocations=12 (full 0):
 garbage-first heap   total 46080K, used 38285K [0x0000000082c00000, 0x0000000100000000)
  region size 1024K, 14 young (14336K), 1 survivors (1024K)
 Metaspace       used 42614K, committed 42816K, reserved 1114112K
  class space    used 5122K, committed 5184K, reserved 1048576K
}
Event: 3.336 GC heap after
{Heap after GC invocations=13 (full 0):
 garbage-first heap   total 46080K, used 25803K [0x0000000082c00000, 0x0000000100000000)
  region size 1024K, 2 young (2048K), 2 survivors (2048K)
 Metaspace       used 42614K, committed 42816K, reserved 1114112K
  class space    used 5122K, committed 5184K, reserved 1048576K
}
Event: 3.537 GC heap before
{Heap before GC invocations=13 (full 0):
 garbage-first heap   total 46080K, used 38091K [0x0000000082c00000, 0x0000000100000000)
  region size 1024K, 15 young (15360K), 2 survivors (2048K)
 Metaspace       used 45648K, committed 45824K, reserved 1114112K
  class space    used 5451K, committed 5504K, reserved 1048576K
}
Event: 3.540 GC heap after
{Heap after GC invocations=14 (full 0):
 garbage-first heap   total 46080K, used 26199K [0x0000000082c00000, 0x0000000100000000)
  region size 1024K, 2 young (2048K), 2 survivors (2048K)
 Metaspace       used 45648K, committed 45824K, reserved 1114112K
  class space    used 5451K, committed 5504K, reserved 1048576K
}
Event: 3.922 GC heap before
{Heap before GC invocations=14 (full 0):
 garbage-first heap   total 46080K, used 40535K [0x0000000082c00000, 0x0000000100000000)
  region size 1024K, 16 young (16384K), 2 survivors (2048K)
 Metaspace       used 48613K, committed 48832K, reserved 1114112K
  class space    used 5738K, committed 5824K, reserved 1048576K
}
Event: 3.928 GC heap after
{Heap after GC invocations=15 (full 0):
 garbage-first heap   total 55296K, used 28138K [0x0000000082c00000, 0x0000000100000000)
  region size 1024K, 2 young (2048K), 2 survivors (2048K)
 Metaspace       used 48613K, committed 48832K, reserved 1114112K
  class space    used 5738K, committed 5824K, reserved 1048576K
}

